<?xml version="1.0" encoding="UTF-8"?>
<robot generator="Robot 6.0.2 (Python 3.11.3 on win32)" generated="20230511 09:42:43.039" rpa="false" schemaversion="3">
<suite id="s1" name="TestSuite" source="E:\RobotFramework-Selenium-demoproject\TestSuite">
<suite id="s1-s1" name="AddToCartTests" source="E:\RobotFramework-Selenium-demoproject\TestSuite\AddToCartTests.robot">
<test id="s1-s1-t1" name="Test Add to Cart" line="10">
<kw name="Open Browser" library="SeleniumLibrary">
<arg>https://demo.nopcommerce.com</arg>
<arg>chrome</arg>
<doc>Opens a new browser instance to the optional ``url``.</doc>
<msg timestamp="20230511 09:42:43.494" level="INFO">Opening browser 'chrome' to base url 'https://demo.nopcommerce.com'.</msg>
<status status="PASS" starttime="20230511 09:42:43.493" endtime="20230511 09:42:47.203"/>
</kw>
<kw name="Search for item" library="SearchItemKeywords">
<arg>Apple MacBook Pro 13-inch</arg>
<kw name="Input Text" library="SeleniumLibrary">
<arg>${txt_searchField}</arg>
<arg>${itemForSearch}</arg>
<doc>Types the given ``text`` into the text field identified by ``locator``.</doc>
<msg timestamp="20230511 09:42:47.205" level="INFO">Typing text 'Apple MacBook Pro 13-inch' into text field 'xpath://input[@id='small-searchterms']'.</msg>
<status status="PASS" starttime="20230511 09:42:47.204" endtime="20230511 09:42:47.419"/>
</kw>
<status status="PASS" starttime="20230511 09:42:47.204" endtime="20230511 09:42:47.419"/>
</kw>
<kw name="Click Search Button" library="SearchItemKeywords">
<kw name="Click Button" library="SeleniumLibrary">
<arg>${btn_search}</arg>
<doc>Clicks the button identified by ``locator``.</doc>
<msg timestamp="20230511 09:42:47.421" level="INFO">Clicking button 'xpath://button[contains(text(),'Search')]'.</msg>
<status status="PASS" starttime="20230511 09:42:47.420" endtime="20230511 09:42:48.836"/>
</kw>
<status status="PASS" starttime="20230511 09:42:47.419" endtime="20230511 09:42:48.836"/>
</kw>
<kw name="Scroll down into view element" library="AddToCartKeywords">
<kw name="Scroll Element Into View" library="SeleniumLibrary">
<arg>${btn_addToCart}</arg>
<doc>Scrolls the element identified by ``locator`` into view.</doc>
<status status="PASS" starttime="20230511 09:42:48.838" endtime="20230511 09:42:49.164"/>
</kw>
<status status="PASS" starttime="20230511 09:42:48.838" endtime="20230511 09:42:49.165"/>
</kw>
<kw name="Sleep" library="BuiltIn">
<arg>2 seconds</arg>
<doc>Pauses the test executed for the given time.</doc>
<msg timestamp="20230511 09:42:51.167" level="INFO">Slept 2 seconds</msg>
<status status="PASS" starttime="20230511 09:42:49.167" endtime="20230511 09:42:51.167"/>
</kw>
<kw name="Click add to cart" library="AddToCartKeywords">
<kw name="Click Button" library="SeleniumLibrary">
<arg>${btn_addToCart}</arg>
<doc>Clicks the button identified by ``locator``.</doc>
<msg timestamp="20230511 09:42:51.170" level="INFO">Clicking button 'xpath://button[contains(text(),'Add to cart')]'.</msg>
<status status="PASS" starttime="20230511 09:42:51.170" endtime="20230511 09:42:51.360"/>
</kw>
<status status="PASS" starttime="20230511 09:42:51.170" endtime="20230511 09:42:51.360"/>
</kw>
<kw name="Sleep" library="BuiltIn">
<arg>2 seconds</arg>
<doc>Pauses the test executed for the given time.</doc>
<msg timestamp="20230511 09:42:53.361" level="INFO">Slept 2 seconds</msg>
<status status="PASS" starttime="20230511 09:42:51.361" endtime="20230511 09:42:53.361"/>
</kw>
<kw name="Confirm add to cart" library="AddToCartKeywords">
<kw name="Scroll Element Into View" library="SeleniumLibrary">
<arg>${btn_confirmAddToCart}</arg>
<doc>Scrolls the element identified by ``locator`` into view.</doc>
<status status="PASS" starttime="20230511 09:42:53.363" endtime="20230511 09:42:53.990"/>
</kw>
<kw name="Click Button" library="SeleniumLibrary">
<arg>${btn_confirmAddToCart}</arg>
<doc>Clicks the button identified by ``locator``.</doc>
<msg timestamp="20230511 09:42:53.990" level="INFO">Clicking button 'xpath://button[@id='add-to-cart-button-4']'.</msg>
<status status="PASS" starttime="20230511 09:42:53.990" endtime="20230511 09:42:54.084"/>
</kw>
<status status="PASS" starttime="20230511 09:42:53.362" endtime="20230511 09:42:54.084"/>
</kw>
<kw name="Sleep" library="BuiltIn">
<arg>3 seconds</arg>
<doc>Pauses the test executed for the given time.</doc>
<msg timestamp="20230511 09:42:57.084" level="INFO">Slept 3 seconds</msg>
<status status="PASS" starttime="20230511 09:42:54.084" endtime="20230511 09:42:57.084"/>
</kw>
<kw name="Check item added successfully" library="AddToCartKeywords">
<kw name="Page Should Contain Element" library="SeleniumLibrary">
<arg>${txt_itemAddedSuccessfully}</arg>
<doc>Verifies that element ``locator`` is found on the current page.</doc>
<msg timestamp="20230511 09:42:57.136" level="INFO">Current page contains element 'xpath://p[@class='content']'.</msg>
<status status="PASS" starttime="20230511 09:42:57.084" endtime="20230511 09:42:57.136"/>
</kw>
<status status="PASS" starttime="20230511 09:42:57.084" endtime="20230511 09:42:57.137"/>
</kw>
<status status="PASS" starttime="20230511 09:42:43.492" endtime="20230511 09:42:57.139"/>
</test>
<status status="PASS" starttime="20230511 09:42:43.072" endtime="20230511 09:42:57.145"/>
</suite>
<suite id="s1-s2" name="BaseTests" source="E:\RobotFramework-Selenium-demoproject\TestSuite\BaseTests.robot">
<kw name="Open Browser" library="SeleniumLibrary" type="SETUP">
<arg>${url}</arg>
<arg>${browser}</arg>
<doc>Opens a new browser instance to the optional ``url``.</doc>
<msg timestamp="20230511 09:42:57.183" level="INFO">Opening browser 'chrome' to base url 'https://demo.nopcommerce.com'.</msg>
<status status="PASS" starttime="20230511 09:42:57.183" endtime="20230511 09:43:01.122"/>
</kw>
<test id="s1-s2-t1" name="Test Greeting Message" line="14">
<kw name="Element Should Be Visible" library="SeleniumLibrary">
<arg>${txt_greetingMessage}</arg>
<doc>Verifies that the element identified by ``locator`` is visible.</doc>
<msg timestamp="20230511 09:43:01.164" level="INFO">Element 'css:.topic-block-title h2' is displayed.</msg>
<status status="PASS" starttime="20230511 09:43:01.123" endtime="20230511 09:43:01.165"/>
</kw>
<status status="PASS" starttime="20230511 09:43:01.123" endtime="20230511 09:43:01.165"/>
</test>
<kw name="Close Browser" library="SeleniumLibrary" type="TEARDOWN">
<doc>Closes the current browser.</doc>
<status status="PASS" starttime="20230511 09:43:01.168" endtime="20230511 09:43:03.358"/>
</kw>
<status status="PASS" starttime="20230511 09:42:57.157" endtime="20230511 09:43:03.359"/>
</suite>
<suite id="s1-s3" name="LoginTests" source="E:\RobotFramework-Selenium-demoproject\TestSuite\LoginTests.robot">
<test id="s1-s3-t1" name="Test Login" line="12">
<kw name="Click login Link" library="LoginKeywords">
<kw name="Click Link" library="SeleniumLibrary">
<arg>${txt_loginLink}</arg>
<doc>Clicks a link identified by ``locator``.</doc>
<msg timestamp="20230511 09:43:03.403" level="INFO">Clicking link 'link:Log in'.</msg>
<msg timestamp="20230511 09:43:03.403" level="INFO">Cannot capture screenshot because no browser is open.</msg>
<msg timestamp="20230511 09:43:03.403" level="FAIL">No browser is open.</msg>
<status status="FAIL" starttime="20230511 09:43:03.403" endtime="20230511 09:43:03.573"/>
</kw>
<status status="FAIL" starttime="20230511 09:43:03.402" endtime="20230511 09:43:03.573"/>
</kw>
<kw name="Enter Email" library="LoginKeywords">
<arg>${email}</arg>
<status status="NOT RUN" starttime="20230511 09:43:03.575" endtime="20230511 09:43:03.575"/>
</kw>
<kw name="Enter Password" library="LoginKeywords">
<arg>${password}</arg>
<status status="NOT RUN" starttime="20230511 09:43:03.576" endtime="20230511 09:43:03.576"/>
</kw>
<kw name="Click Login Button" library="LoginKeywords">
<status status="NOT RUN" starttime="20230511 09:43:03.577" endtime="20230511 09:43:03.577"/>
</kw>
<kw name="Sleep" library="BuiltIn">
<arg>3</arg>
<arg>seconds</arg>
<doc>Pauses the test executed for the given time.</doc>
<status status="NOT RUN" starttime="20230511 09:43:03.578" endtime="20230511 09:43:03.578"/>
</kw>
<kw name="Verify Successfull Login" library="LoginKeywords">
<status status="NOT RUN" starttime="20230511 09:43:03.579" endtime="20230511 09:43:03.579"/>
</kw>
<status status="FAIL" starttime="20230511 09:43:03.396" endtime="20230511 09:43:03.580">No browser is open.</status>
</test>
<status status="FAIL" starttime="20230511 09:43:03.367" endtime="20230511 09:43:03.586"/>
</suite>
<suite id="s1-s4" name="RegisterTests" source="E:\RobotFramework-Selenium-demoproject\TestSuite\RegisterTests.robot">
<test id="s1-s4-t1" name="Test Add New User" line="7">
<kw name="Click register Link" library="RegisterKeywords">
<kw name="Click Link" library="SeleniumLibrary">
<arg>${txt_registerLink}</arg>
<doc>Clicks a link identified by ``locator``.</doc>
<msg timestamp="20230511 09:43:03.623" level="INFO">Clicking link 'link:Register'.</msg>
<msg timestamp="20230511 09:43:03.623" level="INFO">Cannot capture screenshot because no browser is open.</msg>
<msg timestamp="20230511 09:43:03.623" level="FAIL">No browser is open.</msg>
<status status="FAIL" starttime="20230511 09:43:03.623" endtime="20230511 09:43:03.623"/>
</kw>
<status status="FAIL" starttime="20230511 09:43:03.622" endtime="20230511 09:43:03.623"/>
</kw>
<kw name="Select Gender" library="RegisterKeywords">
<arg>M</arg>
<status status="NOT RUN" starttime="20230511 09:43:03.628" endtime="20230511 09:43:03.628"/>
</kw>
<kw name="Enter First Name" library="RegisterKeywords">
<arg>momen</arg>
<status status="NOT RUN" starttime="20230511 09:43:03.629" endtime="20230511 09:43:03.630"/>
</kw>
<kw name="Enter Last Name" library="RegisterKeywords">
<arg>adel</arg>
<status status="NOT RUN" starttime="20230511 09:43:03.631" endtime="20230511 09:43:03.631"/>
</kw>
<kw name="Select Date Of Birth" library="RegisterKeywords">
<arg>8</arg>
<arg>March</arg>
<arg>1998</arg>
<status status="NOT RUN" starttime="20230511 09:43:03.631" endtime="20230511 09:43:03.631"/>
</kw>
<kw name="Enter Email" library="RegisterKeywords">
<arg>momenn.darwish@gmail.com</arg>
<status status="NOT RUN" starttime="20230511 09:43:03.631" endtime="20230511 09:43:03.631"/>
</kw>
<kw name="Enter Password" library="RegisterKeywords">
<arg>Test123!</arg>
<status status="NOT RUN" starttime="20230511 09:43:03.631" endtime="20230511 09:43:03.631"/>
</kw>
<kw name="Enter Confirm Password" library="RegisterKeywords">
<arg>Test123!</arg>
<status status="NOT RUN" starttime="20230511 09:43:03.631" endtime="20230511 09:43:03.631"/>
</kw>
<kw name="Click Register Button" library="RegisterKeywords">
<status status="NOT RUN" starttime="20230511 09:43:03.631" endtime="20230511 09:43:03.631"/>
</kw>
<kw name="Sleep" library="BuiltIn">
<arg>3</arg>
<arg>seconds</arg>
<doc>Pauses the test executed for the given time.</doc>
<status status="NOT RUN" starttime="20230511 09:43:03.631" endtime="20230511 09:43:03.631"/>
</kw>
<kw name="Check Successfull Regsister And Continue" library="RegisterKeywords">
<status status="NOT RUN" starttime="20230511 09:43:03.631" endtime="20230511 09:43:03.631"/>
</kw>
<status status="FAIL" starttime="20230511 09:43:03.621" endtime="20230511 09:43:03.631">No browser is open.</status>
</test>
<status status="FAIL" starttime="20230511 09:43:03.591" endtime="20230511 09:43:03.644"/>
</suite>
<suite id="s1-s5" name="SearchTests" source="E:\RobotFramework-Selenium-demoproject\TestSuite\SearchTests.robot">
<test id="s1-s5-t1" name="Test Search Item" line="9">
<kw name="Open Browser" library="SeleniumLibrary">
<arg>https://demo.nopcommerce.com</arg>
<arg>chrome</arg>
<doc>Opens a new browser instance to the optional ``url``.</doc>
<msg timestamp="20230511 09:43:03.673" level="INFO">Opening browser 'chrome' to base url 'https://demo.nopcommerce.com'.</msg>
<status status="PASS" starttime="20230511 09:43:03.672" endtime="20230511 09:43:13.202"/>
</kw>
<kw name="Search for item" library="SearchItemKeywords">
<arg>Apple MacBook Pro 13-inch</arg>
<kw name="Input Text" library="SeleniumLibrary">
<arg>${txt_searchField}</arg>
<arg>${itemForSearch}</arg>
<doc>Types the given ``text`` into the text field identified by ``locator``.</doc>
<msg timestamp="20230511 09:43:13.203" level="INFO">Typing text 'Apple MacBook Pro 13-inch' into text field 'xpath://input[@id='small-searchterms']'.</msg>
<status status="PASS" starttime="20230511 09:43:13.203" endtime="20230511 09:43:13.675"/>
</kw>
<status status="PASS" starttime="20230511 09:43:13.203" endtime="20230511 09:43:13.675"/>
</kw>
<kw name="Click Search Button" library="SearchItemKeywords">
<kw name="Click Button" library="SeleniumLibrary">
<arg>${btn_search}</arg>
<doc>Clicks the button identified by ``locator``.</doc>
<msg timestamp="20230511 09:43:13.678" level="INFO">Clicking button 'xpath://button[contains(text(),'Search')]'.</msg>
<status status="PASS" starttime="20230511 09:43:13.677" endtime="20230511 09:43:15.613"/>
</kw>
<status status="PASS" starttime="20230511 09:43:13.676" endtime="20230511 09:43:15.614"/>
</kw>
<status status="PASS" starttime="20230511 09:43:03.670" endtime="20230511 09:43:15.616"/>
</test>
<status status="PASS" starttime="20230511 09:43:03.651" endtime="20230511 09:43:15.619"/>
</suite>
<status status="FAIL" starttime="20230511 09:42:43.041" endtime="20230511 09:43:15.625"/>
</suite>
<statistics>
<total>
<stat pass="3" fail="2" skip="0">All Tests</stat>
</total>
<tag>
</tag>
<suite>
<stat pass="3" fail="2" skip="0" id="s1" name="TestSuite">TestSuite</stat>
<stat pass="1" fail="0" skip="0" id="s1-s1" name="AddToCartTests">TestSuite.AddToCartTests</stat>
<stat pass="1" fail="0" skip="0" id="s1-s2" name="BaseTests">TestSuite.BaseTests</stat>
<stat pass="0" fail="1" skip="0" id="s1-s3" name="LoginTests">TestSuite.LoginTests</stat>
<stat pass="0" fail="1" skip="0" id="s1-s4" name="RegisterTests">TestSuite.RegisterTests</stat>
<stat pass="1" fail="0" skip="0" id="s1-s5" name="SearchTests">TestSuite.SearchTests</stat>
</suite>
</statistics>
<errors>
</errors>
</robot>
