<?xml version="1.0" encoding="UTF-8"?>
<robot generator="Robot 6.0.2 (Python 3.11.3 on win32)" generated="20230511 09:32:30.238" rpa="false" schemaversion="3">
<suite id="s1" name="BaseTests" source="E:\RobotFramework-Selenium-demoproject\TestSuite\BaseTests.robot">
<kw name="Open Browser" library="SeleniumLibrary" type="SETUP">
<arg>${url}</arg>
<arg>${browser}</arg>
<doc>Opens a new browser instance to the optional ``url``.</doc>
<msg timestamp="20230511 09:32:30.657" level="INFO">Opening browser 'chrome' to base url 'https://demo.nopcommerce.com'.</msg>
<status status="PASS" starttime="20230511 09:32:30.657" endtime="20230511 09:32:34.911"/>
</kw>
<test id="s1-t1" name="Test Greeting Message" line="14">
<kw name="Element Should Be Visible" library="SeleniumLibrary">
<arg>${txt_greetingMessage}</arg>
<doc>Verifies that the element identified by ``locator`` is visible.</doc>
<msg timestamp="20230511 09:32:34.949" level="INFO">Element 'css:.topic-block-title h2' is displayed.</msg>
<status status="PASS" starttime="20230511 09:32:34.911" endtime="20230511 09:32:34.949"/>
</kw>
<status status="PASS" starttime="20230511 09:32:34.911" endtime="20230511 09:32:34.949"/>
</test>
<kw name="Close Browser" library="SeleniumLibrary" type="TEARDOWN">
<doc>Closes the current browser.</doc>
<status status="PASS" starttime="20230511 09:32:34.957" endtime="20230511 09:32:37.147"/>
</kw>
<status status="PASS" starttime="20230511 09:32:30.238" endtime="20230511 09:32:37.147"/>
</suite>
<statistics>
<total>
<stat pass="1" fail="0" skip="0">All Tests</stat>
</total>
<tag>
</tag>
<suite>
<stat pass="1" fail="0" skip="0" id="s1" name="BaseTests">BaseTests</stat>
</suite>
</statistics>
<errors>
</errors>
</robot>
